<?xml version="1.0" encoding="UTF-8"?>
<!-- Generated by org.testng.reporters.JUnitReportReporter -->
<testsuite hostname="DESKTOP-EN738Q0" failures="0" tests="1" name="practice.Demo" time="0.013" errors="0" timestamp="2022-09-17T12:46:18 IST" skipped="0">
  <testcase classname="practice.Demo" name="login" time="0.013"/>
  <system-out/>
</testsuite> <!-- practice.Demo -->
